SF:lib\src\open_meteo_api_client.dart
DA:29,1
DA:30,1
DA:33,1
DA:34,1
DA:37,1
DA:43,2
DA:45,2
DA:46,1
DA:49,2
DA:51,2
DA:53,1
DA:55,2
DA:57,2
DA:61,1
DA:65,1
DA:68,1
DA:69,1
DA:70,1
DA:75,2
DA:77,2
DA:78,1
DA:82,2
DA:84,1
DA:85,1
DA:89,1
DA:91,1
LF:26
LH:26
end_of_record
SF:lib\src\models\location.dart
DA:7,2
DA:14,2
DA:15,2
LF:3
LH:3
end_of_record
SF:lib\src\models\location.g.dart
DA:11,4
DA:14,2
DA:15,2
DA:16,4
DA:17,4
DA:18,6
DA:19,6
LF:7
LH:7
end_of_record
SF:lib\src\models\weather.dart
DA:7,2
DA:9,2
DA:10,2
LF:3
LH:3
end_of_record
SF:lib\src\models\weather.g.dart
DA:11,4
DA:14,2
DA:15,2
DA:17,6
DA:19,6
LF:5
LH:5
end_of_record
